mode: set
AltaStore/controllers/cart_controller.go:18.48,32.16 10 0
AltaStore/controllers/cart_controller.go:38.2,46.4 3 0
AltaStore/controllers/cart_controller.go:32.16,36.3 1 0
AltaStore/controllers/cart_controller.go:49.47,54.16 3 0
AltaStore/controllers/cart_controller.go:59.2,65.4 2 0
AltaStore/controllers/cart_controller.go:54.16,58.3 1 0
AltaStore/controllers/cart_controller.go:68.50,77.16 6 0
AltaStore/controllers/cart_controller.go:83.2,88.4 2 0
AltaStore/controllers/cart_controller.go:77.16,81.3 1 0
AltaStore/controllers/category_controller.go:12.50,17.16 3 1
AltaStore/controllers/category_controller.go:22.2,27.4 2 1
AltaStore/controllers/category_controller.go:17.16,21.3 1 0
AltaStore/controllers/category_controller.go:31.53,40.16 6 1
AltaStore/controllers/category_controller.go:45.2,50.4 2 1
AltaStore/controllers/category_controller.go:40.16,44.3 1 0
AltaStore/controllers/customer_controller.go:18.50,23.16 3 1
AltaStore/controllers/customer_controller.go:29.2,35.4 2 1
AltaStore/controllers/customer_controller.go:23.16,27.3 1 0
AltaStore/controllers/customer_controller.go:38.47,56.16 8 1
AltaStore/controllers/customer_controller.go:61.2,67.4 2 1
AltaStore/controllers/customer_controller.go:56.16,60.3 1 0
AltaStore/controllers/customer_controller.go:94.44,101.16 5 1
AltaStore/controllers/customer_controller.go:107.2,108.15 2 1
AltaStore/controllers/customer_controller.go:113.2,114.12 2 1
AltaStore/controllers/customer_controller.go:120.2,127.4 3 1
AltaStore/controllers/customer_controller.go:101.16,105.3 1 0
AltaStore/controllers/customer_controller.go:108.15,112.3 1 0
AltaStore/controllers/customer_controller.go:114.12,118.3 1 0
AltaStore/controllers/db_setup_for_testing.go:9.31,13.2 3 1
AltaStore/controllers/order_controllers.go:20.48,30.36 7 0
AltaStore/controllers/order_controllers.go:37.2,48.44 5 0
AltaStore/controllers/order_controllers.go:56.2,66.4 4 0
AltaStore/controllers/order_controllers.go:30.36,35.3 1 0
AltaStore/controllers/order_controllers.go:48.44,55.3 1 0
AltaStore/controllers/order_controllers.go:69.42,87.2 8 0
AltaStore/controllers/product_controller.go:12.50,17.16 3 1
AltaStore/controllers/product_controller.go:23.2,29.4 2 1
AltaStore/controllers/product_controller.go:17.16,21.3 1 0
AltaStore/controllers/product_controller.go:32.60,38.16 4 0
AltaStore/controllers/product_controller.go:44.2,50.4 2 0
AltaStore/controllers/product_controller.go:38.16,42.3 1 0
AltaStore/controllers/product_controller.go:54.52,68.16 10 0
AltaStore/controllers/product_controller.go:74.2,80.4 2 0
AltaStore/controllers/product_controller.go:68.16,72.3 1 0
